<?xml version="1.0" encoding="UTF-8"?>
<Site BuildName="(empty)"
	BuildStamp="20241129-0936-Experimental"
	Name="pikachu-virtual-machine"
	Generator="ctest-3.22.1"
	CompilerName="/usr/bin/g++"
	CompilerVersion="11.4.0"
	OSName="Linux"
	Hostname="pikachu-virtual-machine"
	OSRelease="6.8.0-47-generic"
	OSVersion="#47~22.04.1-Ubuntu SMP PREEMPT_DYNAMIC Wed Oct  2 16:16:55 UTC 2"
	OSPlatform="x86_64"
	Is64Bits="1"
	VendorString="GenuineIntel"
	VendorID="Intel Corporation"
	FamilyID="6"
	ModelID="170"
	ProcessorCacheSize="24576"
	NumberOfLogicalCPU="16"
	NumberOfPhysicalCPU="16"
	TotalVirtualMemory="2047"
	TotalPhysicalMemory="3868"
	LogicalProcessorsPerPhysical="1"
	ProcessorClockFrequency="3072"
	>
	<Testing>
		<StartDateTime>Nov 29 20:29 CST</StartDateTime>
		<StartTestTime>1732883359</StartTestTime>
		<TestList/>
		<EndDateTime>Nov 29 20:29 CST</EndDateTime>
		<EndTestTime>1732883359</EndTestTime>
		<ElapsedMinutes>0</ElapsedMinutes>
	</Testing>
</Site>
