[01m[K/home/pikachu/Documents/ros2/WorkSpace_p1/src/system_check/src/system_check.cpp:[m[K In member function â€˜[01m[Kvoid node_of_system::timer_callback()[m[Kâ€™:
[01m[K/home/pikachu/Documents/ros2/WorkSpace_p1/src/system_check/src/system_check.cpp:30:13:[m[K [01;31m[Kerror: [m[Kexpected â€˜[01m[K;[m[Kâ€™ before â€˜[01m[K}[m[Kâ€™ token
   30 |             [01;31m[K}[m[K
      |             [01;31m[K^[m[K
gmake[2]: *** [CMakeFiles/system_check.dir/build.make:76: CMakeFiles/system_check.dir/src/system_check.cpp.o] Error 1
gmake[1]: *** [CMakeFiles/Makefile2:137: CMakeFiles/system_check.dir/all] Error 2
gmake: *** [Makefile:146: all] Error 2
