-- Found ament_cmake: 1.3.10 (/opt/ros/humble/share/ament_cmake/cmake)
-- Found rclcpp: 16.0.10 (/opt/ros/humble/share/rclcpp/cmake)
-- Found rosidl_generator_c: 3.1.5 (/opt/ros/humble/share/rosidl_generator_c/cmake)
-- Found rosidl_adapter: 3.1.5 (/opt/ros/humble/share/rosidl_adapter/cmake)
-- Found rosidl_generator_cpp: 3.1.5 (/opt/ros/humble/share/rosidl_generator_cpp/cmake)
-- Using all available rosidl_typesupport_c: rosidl_typesupport_fastrtps_c;rosidl_typesupport_introspection_c
-- Using all available rosidl_typesupport_cpp: rosidl_typesupport_fastrtps_cpp;rosidl_typesupport_introspection_cpp
-- Found rmw_implementation_cmake: 6.1.2 (/opt/ros/humble/share/rmw_implementation_cmake/cmake)
-- Found rmw_fastrtps_cpp: 6.2.7 (/opt/ros/humble/share/rmw_fastrtps_cpp/cmake)
-- Using RMW implementation 'rmw_fastrtps_cpp' as default
-- Found practice: 0.0.0 (/home/pikachu/Documents/ros2/WorkSpace_p1/install/practice/share/practice/cmake)
-- Found ament_lint_auto: 0.12.11 (/opt/ros/humble/share/ament_lint_auto/cmake)
-- Added test 'cppcheck' to perform static code analysis on C / C++ code
-- Configured cppcheck include dirs: 
-- Configured cppcheck exclude dirs and/or files: 
-- Added test 'lint_cmake' to check CMake code style
-- Added test 'uncrustify' to check C / C++ code style
-- Configured uncrustify additional arguments: 
-- Added test 'xmllint' to check XML markup files
-- Configuring done
-- Generating done
-- Build files have been written to: /home/pikachu/Documents/ros2/WorkSpace_p1/build/system_check
[35m[1mConsolidate compiler generated dependencies of target system_check[0m
[ 50%] [32m[1mLinking CXX executable system_check[0m
/usr/bin/ld: CMakeFiles/system_check.dir/src/system_check.cpp.o: in function `node_of_system::timer_callback()':
system_check.cpp:(.text._ZN14node_of_system14timer_callbackEv[_ZN14node_of_system14timer_callbackEv]+0x1e7): undefined reference to `sg_init'
/usr/bin/ld: system_check.cpp:(.text._ZN14node_of_system14timer_callbackEv[_ZN14node_of_system14timer_callbackEv]+0x1f6): undefined reference to `sg_get_cpu_stats'
/usr/bin/ld: system_check.cpp:(.text._ZN14node_of_system14timer_callbackEv[_ZN14node_of_system14timer_callbackEv]+0x20c): undefined reference to `sg_get_mem_stats'
/usr/bin/ld: system_check.cpp:(.text._ZN14node_of_system14timer_callbackEv[_ZN14node_of_system14timer_callbackEv]+0x50a): undefined reference to `sg_shutdown'
collect2: error: ld returned 1 exit status
gmake[2]: *** [CMakeFiles/system_check.dir/build.make:159: system_check] Error 1
gmake[1]: *** [CMakeFiles/Makefile2:137: CMakeFiles/system_check.dir/all] Error 2
gmake: *** [Makefile:146: all] Error 2
