[0.008s] Invoking command in '/home/pikachu/Documents/ros2/WorkSpace_p1/build/system_check': AMENT_PREFIX_PATH=/home/pikachu/Documents/ros2/WorkSpace_p1/install/practice:${AMENT_PREFIX_PATH} CMAKE_PREFIX_PATH=/home/pikachu/Documents/ros2/WorkSpace_p1/install/practice:/opt/ros/humble LD_LIBRARY_PATH=/home/pikachu/Documents/ros2/WorkSpace_p1/install/practice/lib:${LD_LIBRARY_PATH} PYTHONPATH=/home/pikachu/Documents/ros2/WorkSpace_p1/install/practice/local/lib/python3.10/dist-packages:${PYTHONPATH} /usr/bin/cmake --build /home/pikachu/Documents/ros2/WorkSpace_p1/build/system_check -- -j16 -l16
[0.033s] -- Found ament_cmake: 1.3.10 (/opt/ros/humble/share/ament_cmake/cmake)
[0.137s] -- Found rclcpp: 16.0.10 (/opt/ros/humble/share/rclcpp/cmake)
[0.167s] -- Found rosidl_generator_c: 3.1.5 (/opt/ros/humble/share/rosidl_generator_c/cmake)
[0.169s] -- Found rosidl_adapter: 3.1.5 (/opt/ros/humble/share/rosidl_adapter/cmake)
[0.177s] -- Found rosidl_generator_cpp: 3.1.5 (/opt/ros/humble/share/rosidl_generator_cpp/cmake)
[0.187s] -- Using all available rosidl_typesupport_c: rosidl_typesupport_fastrtps_c;rosidl_typesupport_introspection_c
[0.199s] -- Using all available rosidl_typesupport_cpp: rosidl_typesupport_fastrtps_cpp;rosidl_typesupport_introspection_cpp
[0.229s] -- Found rmw_implementation_cmake: 6.1.2 (/opt/ros/humble/share/rmw_implementation_cmake/cmake)
[0.231s] -- Found rmw_fastrtps_cpp: 6.2.7 (/opt/ros/humble/share/rmw_fastrtps_cpp/cmake)
[0.311s] -- Using RMW implementation 'rmw_fastrtps_cpp' as default
[0.362s] -- Found practice: 0.0.0 (/home/pikachu/Documents/ros2/WorkSpace_p1/install/practice/share/practice/cmake)
[0.375s] -- Found ament_lint_auto: 0.12.11 (/opt/ros/humble/share/ament_lint_auto/cmake)
[0.435s] -- Added test 'cppcheck' to perform static code analysis on C / C++ code
[0.435s] -- Configured cppcheck include dirs: 
[0.435s] -- Configured cppcheck exclude dirs and/or files: 
[0.436s] -- Added test 'lint_cmake' to check CMake code style
[0.437s] -- Added test 'uncrustify' to check C / C++ code style
[0.437s] -- Configured uncrustify additional arguments: 
[0.438s] -- Added test 'xmllint' to check XML markup files
[0.440s] -- Configuring done
[0.450s] -- Generating done
[0.451s] -- Build files have been written to: /home/pikachu/Documents/ros2/WorkSpace_p1/build/system_check
[0.473s] [35m[1mConsolidate compiler generated dependencies of target system_check[0m
[0.485s] [ 50%] [32m[1mLinking CXX executable system_check[0m
[0.595s] /usr/bin/ld: CMakeFiles/system_check.dir/src/system_check.cpp.o: in function `node_of_system::timer_callback()':
[0.595s] system_check.cpp:(.text._ZN14node_of_system14timer_callbackEv[_ZN14node_of_system14timer_callbackEv]+0x1e7): undefined reference to `sg_init'
[0.595s] /usr/bin/ld: system_check.cpp:(.text._ZN14node_of_system14timer_callbackEv[_ZN14node_of_system14timer_callbackEv]+0x1f6): undefined reference to `sg_get_cpu_stats'
[0.595s] /usr/bin/ld: system_check.cpp:(.text._ZN14node_of_system14timer_callbackEv[_ZN14node_of_system14timer_callbackEv]+0x20c): undefined reference to `sg_get_mem_stats'
[0.595s] /usr/bin/ld: system_check.cpp:(.text._ZN14node_of_system14timer_callbackEv[_ZN14node_of_system14timer_callbackEv]+0x50a): undefined reference to `sg_shutdown'
[0.609s] collect2: error: ld returned 1 exit status
[0.610s] gmake[2]: *** [CMakeFiles/system_check.dir/build.make:159: system_check] Error 1
[0.610s] gmake[1]: *** [CMakeFiles/Makefile2:137: CMakeFiles/system_check.dir/all] Error 2
[0.611s] gmake: *** [Makefile:146: all] Error 2
[0.613s] Invoked command in '/home/pikachu/Documents/ros2/WorkSpace_p1/build/system_check' returned '2': AMENT_PREFIX_PATH=/home/pikachu/Documents/ros2/WorkSpace_p1/install/practice:${AMENT_PREFIX_PATH} CMAKE_PREFIX_PATH=/home/pikachu/Documents/ros2/WorkSpace_p1/install/practice:/opt/ros/humble LD_LIBRARY_PATH=/home/pikachu/Documents/ros2/WorkSpace_p1/install/practice/lib:${LD_LIBRARY_PATH} PYTHONPATH=/home/pikachu/Documents/ros2/WorkSpace_p1/install/practice/local/lib/python3.10/dist-packages:${PYTHONPATH} /usr/bin/cmake --build /home/pikachu/Documents/ros2/WorkSpace_p1/build/system_check -- -j16 -l16
